<?xml version="1.0" encoding="UTF-8"?>
<!-- Generated by org.testng.reporters.JUnitReportReporter -->
<testsuite hostname="DESKTOP-EOFS3K2" failures="0" tests="1" name="loginData.NewLoginTest" time="58.235" errors="0" timestamp="2022-12-10T12:00:57 IST" skipped="0">
  <testcase classname="loginData.NewLoginTest" name="test1" time="58.235"/>
  <system-out/>
</testsuite> <!-- loginData.NewLoginTest -->
